Fri Nov 16 2018 09:18:43 GMT-0200 (GMT-02:00): GET /
Fri Nov 16 2018 09:19:46 GMT-0200 (GMT-02:00): GET /about
Fri Nov 16 2018 09:26:54 GMT-0200 (GMT-02:00): GET /about
Fri Nov 16 2018 09:26:55 GMT-0200 (GMT-02:00): GET /favicon.ico
Fri Nov 16 2018 09:27:01 GMT-0200 (GMT-02:00): GET /
Fri Nov 16 2018 09:27:02 GMT-0200 (GMT-02:00): GET /favicon.ico
Fri Nov 16 2018 09:28:35 GMT-0200 (GMT-02:00): GET /
Fri Nov 16 2018 09:28:36 GMT-0200 (GMT-02:00): GET /favicon.ico
Fri Nov 16 2018 09:30:35 GMT-0200 (GMT-02:00): GET /helper.html
Fri Nov 16 2018 09:30:36 GMT-0200 (GMT-02:00): GET /favicon.ico
Fri Nov 16 2018 09:30:42 GMT-0200 (GMT-02:00): GET /helper.html
Fri Nov 16 2018 09:30:42 GMT-0200 (GMT-02:00): GET /favicon.ico
Fri Nov 16 2018 09:31:14 GMT-0200 (GMT-02:00): GET /public/helper.html
Fri Nov 16 2018 09:31:15 GMT-0200 (GMT-02:00): GET /favicon.ico
Fri Nov 16 2018 09:31:20 GMT-0200 (GMT-02:00): GET /helper.html
Fri Nov 16 2018 09:31:20 GMT-0200 (GMT-02:00): GET /favicon.ico
Fri Nov 16 2018 09:31:53 GMT-0200 (GMT-02:00): GET /helper.html
Fri Nov 16 2018 09:31:54 GMT-0200 (GMT-02:00): GET /favicon.ico
Fri Nov 16 2018 09:32:03 GMT-0200 (GMT-02:00): GET /public/helper.html
Fri Nov 16 2018 09:32:08 GMT-0200 (GMT-02:00): GET /
Fri Nov 16 2018 09:33:14 GMT-0200 (GMT-02:00): GET /favicon.ico
Fri Nov 16 2018 09:33:15 GMT-0200 (GMT-02:00): GET /favicon.ico
Fri Nov 16 2018 09:33:29 GMT-0200 (GMT-02:00): GET /help.html
Fri Nov 16 2018 09:33:29 GMT-0200 (GMT-02:00): GET /favicon.ico
